<?xml version="1.0" encoding="UTF-8"?>
<!-- Generated by org.testng.reporters.JUnitReportReporter -->
<testsuite hostname="DESKTOP-96KR4N3" failures="0" tests="1" name="com.JagrutiTC.TestDemo" time="0.009" errors="0" timestamp="2022-07-30T17:45:14 IST" skipped="0">
  <testcase classname="com.JagrutiTC.TestDemo" name="m1" time="0.009"/>
  <system-out/>
</testsuite> <!-- com.JagrutiTC.TestDemo -->
