<?xml version="1.0" encoding="UTF-8"?>
<!-- Generated by org.testng.reporters.JUnitReportReporter -->
<testsuite hostname="DESKTOP-3B05T6A" failures="0" tests="1" name="com.JagrutiTC.TestDemo" time="0.019" errors="0" timestamp="2022-07-30T18:04:58 IST" skipped="0">
  <testcase classname="com.JagrutiTC.TestDemo" name="m1" time="0.019"/>
  <system-out/>
</testsuite> <!-- com.JagrutiTC.TestDemo -->
