<?xml version="1.0" encoding="UTF-8"?>
<!-- Generated by org.testng.reporters.JUnitReportReporter -->
<testsuite hostname="DESKTOP-H47J22D" failures="0" tests="1" name="com.JagrutiTC.TestDemo" time="0.022" errors="0" timestamp="2022-08-01T13:55:01 IST" skipped="0">
  <testcase classname="com.JagrutiTC.TestDemo" name="m1" time="0.022"/>
  <system-out/>
</testsuite> <!-- com.JagrutiTC.TestDemo -->
