<?xml version="1.0" encoding="UTF-8"?>
<!-- Generated by org.testng.reporters.JUnitReportReporter -->
<testsuite hostname="DESKTOP-H47J22D" failures="0" tests="1" name="com.yogita.TestCaseY" time="7.751" errors="0" timestamp="2022-08-23T22:48:07 IST" skipped="0">
  <testcase classname="com.yogita.TestCaseY" name="SofasAndRecliners" time="7.751"/>
  <system-out/>
</testsuite> <!-- com.yogita.TestCaseY -->
