<?xml version="1.0" encoding="UTF-8"?>
<!-- Generated by org.testng.reporters.JUnitReportReporter -->
<testsuite hostname="DESKTOP-3B05T6A" failures="0" tests="2" name="com.Bhagyashri.TestCase" time="9.432" errors="0" timestamp="2022-09-13T14:06:53 IST" skipped="1">
  <testcase classname="com.Bhagyashri.TestCase" name="chkTrackOrdertooltip" time="9.432"/>
  <system-out/>
  <testcase classname="com.Bhagyashri.TestCase" name="verifyOverMousePointerIsChange">
    <skipped/>
  </testcase> <!-- verifyOverMousePointerIsChange -->
  <system-out/>
</testsuite> <!-- com.Bhagyashri.TestCase -->
